[01m[K/home/swhite/autoCam_ws/src/autoCam_pkg/src/main_window.cpp:84:35:[m[K [01;35m[Kwarning: [m[Kcharacter constant too long for its type
   ui.Manual_SwitchButton->setText('Switch Cameras');
[01;32m[K                                   ^[m[K
[01m[K/home/swhite/autoCam_ws/src/autoCam_pkg/src/main_window.cpp:[m[K In member function '[01m[Kvoid autoCam_pkg::MainWindow::on_Manual_SwitchButton_pressed()[m[K':
[01m[K/home/swhite/autoCam_ws/src/autoCam_pkg/src/main_window.cpp:84:51:[m[K [01;31m[Kerror: [m[Kinvalid user-defined conversion from '[01m[Kint[m[K' to '[01m[Kconst QString&[m[K' [-fpermissive]
   ui.Manual_SwitchButton->setText('Switch Cameras');
[01;32m[K                                                   ^[m[K
In file included from [01m[K/usr/include/qt4/QtCore/qobject.h:48:0[m[K,
                 from [01m[K/usr/include/qt4/QtCore/qiodevice.h:46[m[K,
                 from [01m[K/usr/include/qt4/QtCore/qdatastream.h:46[m[K,
                 from [01m[K/usr/include/qt4/QtCore/qpair.h:45[m[K,
                 from [01m[K/usr/include/qt4/QtCore/qhash.h:49[m[K,
                 from [01m[K/usr/include/qt4/QtCore/qcache.h:45[m[K,
                 from [01m[K/usr/include/qt4/QtCore/QtCore:7[m[K,
                 from [01m[K/usr/include/qt4/QtGui/QtGui:3[m[K,
                 from [01m[K/home/swhite/autoCam_ws/src/autoCam_pkg/src/main_window.cpp:12[m[K:
[01m[K/usr/include/qt4/QtCore/qstring.h:419:43:[m[K [01;36m[Knote: [m[Kcandidate is: QString::QString(const char*) <near match>
     inline QT_ASCII_CAST_WARN_CONSTRUCTOR QString(const char *ch) : d(fromAscii_helper(ch))
[01;32m[K                                           ^[m[K
[01m[K/usr/include/qt4/QtCore/qstring.h:419:43:[m[K [01;36m[Knote: [m[K  conversion of argument 1 would be ill-formed:
[01m[K/home/swhite/autoCam_ws/src/autoCam_pkg/src/main_window.cpp:84:51:[m[K [01;31m[Kerror: [m[Kinvalid conversion from '[01m[Kint[m[K' to '[01m[Kconst char*[m[K' [-fpermissive]
   ui.Manual_SwitchButton->setText('Switch Cameras');
[01;32m[K                                                   ^[m[K
[01m[K/home/swhite/autoCam_ws/src/autoCam_pkg/src/main_window.cpp:84:51:[m[K [01;31m[Kerror: [m[Kinvalid conversion from '[01m[Kint[m[K' to '[01m[Kconst char*[m[K' [-fpermissive]
In file included from [01m[K/usr/include/qt4/QtCore/qobject.h:48:0[m[K,
                 from [01m[K/usr/include/qt4/QtCore/qiodevice.h:46[m[K,
                 from [01m[K/usr/include/qt4/QtCore/qdatastream.h:46[m[K,
                 from [01m[K/usr/include/qt4/QtCore/qpair.h:45[m[K,
                 from [01m[K/usr/include/qt4/QtCore/qhash.h:49[m[K,
                 from [01m[K/usr/include/qt4/QtCore/qcache.h:45[m[K,
                 from [01m[K/usr/include/qt4/QtCore/QtCore:7[m[K,
                 from [01m[K/usr/include/qt4/QtGui/QtGui:3[m[K,
                 from [01m[K/home/swhite/autoCam_ws/src/autoCam_pkg/src/main_window.cpp:12[m[K:
[01m[K/usr/include/qt4/QtCore/qstring.h:419:43:[m[K [01;36m[Knote: [m[K  initializing argument 1 of '[01m[KQString::QString(const char*)[m[K'
     inline QT_ASCII_CAST_WARN_CONSTRUCTOR QString(const char *ch) : d(fromAscii_helper(ch))
[01;32m[K                                           ^[m[K
In file included from [01m[K/usr/include/qt4/QtGui/QtGui:151:0[m[K,
                 from [01m[K/home/swhite/autoCam_ws/src/autoCam_pkg/src/main_window.cpp:12[m[K:
[01m[K/usr/include/qt4/QtGui/qabstractbutton.h:80:10:[m[K [01;36m[Knote: [m[K  initializing argument 1 of '[01m[Kvoid QAbstractButton::setText(const QString&)[m[K'
     void setText(const QString &text);
[01;32m[K          ^[m[K
make[2]: *** [CMakeFiles/autoCam_pkg.dir/src/main_window.cpp.o] Error 1
make[1]: *** [CMakeFiles/autoCam_pkg.dir/all] Error 2
make: *** [all] Error 2
