[35m[1mScanning dependencies of target autoCam_pkg[0m
[  6%] [32mBuilding CXX object CMakeFiles/autoCam_pkg.dir/src/qnode.cpp.o[0m
[ 12%] [32mBuilding CXX object CMakeFiles/autoCam_pkg.dir/include/autoCam_pkg/moc_qnode.cxx.o[0m
[ 18%] [32mBuilding CXX object CMakeFiles/autoCam_pkg.dir/src/main_window.cpp.o[0m
[ 25%] [32mBuilding CXX object CMakeFiles/autoCam_pkg.dir/src/main.cpp.o[0m
[ 31%] [32mBuilding CXX object CMakeFiles/autoCam_pkg.dir/include/autoCam_pkg/moc_main_window.cxx.o[0m
In file included from [01m[K/home/swhite/autoCam_ws/build/autoCam_pkg/include/autoCam_pkg/../../../../src/autoCam_pkg/include/autoCam_pkg/main_window.hpp:23:0[m[K,
                 from [01m[K/home/swhite/autoCam_ws/build/autoCam_pkg/include/autoCam_pkg/moc_main_window.cxx:9[m[K:
[01m[K/home/swhite/autoCam_ws/build/autoCam_pkg/include/autoCam_pkg/../../../../src/autoCam_pkg/include/autoCam_pkg/common.h:18:23:[m[K [01;31m[Kerror: [m[Kredefinition of '[01m[Kcv_bridge::CvImagePtr autoCam_pkg::cv_ptr[m[K'
 cv_bridge::CvImagePtr cv_ptr;
[01;32m[K                       ^[m[K
In file included from [01m[K/home/swhite/autoCam_ws/build/autoCam_pkg/include/autoCam_pkg/../../../../src/autoCam_pkg/include/autoCam_pkg/qnode.hpp:25:0[m[K,
                 from [01m[K/home/swhite/autoCam_ws/build/autoCam_pkg/include/autoCam_pkg/../../../../src/autoCam_pkg/include/autoCam_pkg/main_window.hpp:18[m[K,
                 from [01m[K/home/swhite/autoCam_ws/build/autoCam_pkg/include/autoCam_pkg/moc_main_window.cxx:9[m[K:
[01m[K/home/swhite/autoCam_ws/build/autoCam_pkg/include/autoCam_pkg/../../../../src/autoCam_pkg/include/autoCam_pkg/common.h:18:23:[m[K [01;36m[Knote: [m[K'[01m[Kcv_bridge::CvImagePtr autoCam_pkg::cv_ptr[m[K' previously declared here
 cv_bridge::CvImagePtr cv_ptr;
[01;32m[K                       ^[m[K
CMakeFiles/autoCam_pkg.dir/build.make:215: recipe for target 'CMakeFiles/autoCam_pkg.dir/include/autoCam_pkg/moc_main_window.cxx.o' failed
make[2]: *** [CMakeFiles/autoCam_pkg.dir/include/autoCam_pkg/moc_main_window.cxx.o] Error 1
make[2]: *** Waiting for unfinished jobs....
In file included from [01m[K/home/swhite/autoCam_ws/src/autoCam_pkg/src/qnode.cpp:15:0[m[K:
[01m[K/home/swhite/autoCam_ws/src/autoCam_pkg/src/../include/autoCam_pkg/common.h:18:23:[m[K [01;31m[Kerror: [m[Kredefinition of '[01m[Kcv_bridge::CvImagePtr autoCam_pkg::cv_ptr[m[K'
 cv_bridge::CvImagePtr cv_ptr;
[01;32m[K                       ^[m[K
In file included from [01m[K/home/swhite/autoCam_ws/src/autoCam_pkg/src/../include/autoCam_pkg/qnode.hpp:25:0[m[K,
                 from [01m[K/home/swhite/autoCam_ws/src/autoCam_pkg/src/qnode.cpp:13[m[K:
[01m[K/home/swhite/autoCam_ws/src/autoCam_pkg/src/../include/autoCam_pkg/common.h:18:23:[m[K [01;36m[Knote: [m[K'[01m[Kcv_bridge::CvImagePtr autoCam_pkg::cv_ptr[m[K' previously declared here
 cv_bridge::CvImagePtr cv_ptr;
[01;32m[K                       ^[m[K
In file included from [01m[K/home/swhite/autoCam_ws/src/autoCam_pkg/src/../include/autoCam_pkg/qnode.hpp:25:0[m[K,
                 from [01m[K/home/swhite/autoCam_ws/src/autoCam_pkg/src/../include/autoCam_pkg/main_window.hpp:18[m[K,
                 from [01m[K/home/swhite/autoCam_ws/src/autoCam_pkg/src/main.cpp:14[m[K:
[01m[K/home/swhite/autoCam_ws/src/autoCam_pkg/src/../include/autoCam_pkg/common.h:18:23:[m[K [01;31m[Kerror: [m[Kredefinition of '[01m[Kcv_bridge::CvImagePtr autoCam_pkg::cv_ptr[m[K'
 cv_bridge::CvImagePtr cv_ptr;
[01;32m[K                       ^[m[K
In file included from [01m[K/home/swhite/autoCam_ws/src/autoCam_pkg/src/main.cpp:11:0[m[K:
[01m[K/home/swhite/autoCam_ws/src/autoCam_pkg/src/../include/autoCam_pkg/common.h:18:23:[m[K [01;36m[Knote: [m[K'[01m[Kcv_bridge::CvImagePtr autoCam_pkg::cv_ptr[m[K' previously declared here
 cv_bridge::CvImagePtr cv_ptr;
[01;32m[K                       ^[m[K
In file included from [01m[K/home/swhite/autoCam_ws/src/autoCam_pkg/src/../include/autoCam_pkg/main_window.hpp:23:0[m[K,
                 from [01m[K/home/swhite/autoCam_ws/src/autoCam_pkg/src/main.cpp:14[m[K:
[01m[K/home/swhite/autoCam_ws/src/autoCam_pkg/src/../include/autoCam_pkg/common.h:18:23:[m[K [01;31m[Kerror: [m[Kredefinition of '[01m[Kcv_bridge::CvImagePtr autoCam_pkg::cv_ptr[m[K'
 cv_bridge::CvImagePtr cv_ptr;
[01;32m[K                       ^[m[K
In file included from [01m[K/home/swhite/autoCam_ws/src/autoCam_pkg/src/main.cpp:11:0[m[K:
[01m[K/home/swhite/autoCam_ws/src/autoCam_pkg/src/../include/autoCam_pkg/common.h:18:23:[m[K [01;36m[Knote: [m[K'[01m[Kcv_bridge::CvImagePtr autoCam_pkg::cv_ptr[m[K' previously declared here
 cv_bridge::CvImagePtr cv_ptr;
[01;32m[K                       ^[m[K
In file included from [01m[K/home/swhite/autoCam_ws/src/autoCam_pkg/src/../include/autoCam_pkg/main_window.hpp:23:0[m[K,
                 from [01m[K/home/swhite/autoCam_ws/src/autoCam_pkg/src/main_window.cpp:16[m[K:
[01m[K/home/swhite/autoCam_ws/src/autoCam_pkg/src/../include/autoCam_pkg/common.h:18:23:[m[K [01;31m[Kerror: [m[Kredefinition of '[01m[Kcv_bridge::CvImagePtr autoCam_pkg::cv_ptr[m[K'
 cv_bridge::CvImagePtr cv_ptr;
[01;32m[K                       ^[m[K
In file included from [01m[K/home/swhite/autoCam_ws/src/autoCam_pkg/src/../include/autoCam_pkg/qnode.hpp:25:0[m[K,
                 from [01m[K/home/swhite/autoCam_ws/src/autoCam_pkg/src/../include/autoCam_pkg/main_window.hpp:18[m[K,
                 from [01m[K/home/swhite/autoCam_ws/src/autoCam_pkg/src/main_window.cpp:16[m[K:
[01m[K/home/swhite/autoCam_ws/src/autoCam_pkg/src/../include/autoCam_pkg/common.h:18:23:[m[K [01;36m[Knote: [m[K'[01m[Kcv_bridge::CvImagePtr autoCam_pkg::cv_ptr[m[K' previously declared here
 cv_bridge::CvImagePtr cv_ptr;
[01;32m[K                       ^[m[K
CMakeFiles/autoCam_pkg.dir/build.make:119: recipe for target 'CMakeFiles/autoCam_pkg.dir/src/qnode.cpp.o' failed
make[2]: *** [CMakeFiles/autoCam_pkg.dir/src/qnode.cpp.o] Error 1
In file included from [01m[K/home/swhite/autoCam_ws/src/autoCam_pkg/src/main_window.cpp:18:0[m[K:
[01m[K/home/swhite/autoCam_ws/src/autoCam_pkg/src/../include/autoCam_pkg/common.h:18:23:[m[K [01;31m[Kerror: [m[Kredefinition of '[01m[Kcv_bridge::CvImagePtr autoCam_pkg::cv_ptr[m[K'
 cv_bridge::CvImagePtr cv_ptr;
[01;32m[K                       ^[m[K
In file included from [01m[K/home/swhite/autoCam_ws/src/autoCam_pkg/src/../include/autoCam_pkg/qnode.hpp:25:0[m[K,
                 from [01m[K/home/swhite/autoCam_ws/src/autoCam_pkg/src/../include/autoCam_pkg/main_window.hpp:18[m[K,
                 from [01m[K/home/swhite/autoCam_ws/src/autoCam_pkg/src/main_window.cpp:16[m[K:
[01m[K/home/swhite/autoCam_ws/src/autoCam_pkg/src/../include/autoCam_pkg/common.h:18:23:[m[K [01;36m[Knote: [m[K'[01m[Kcv_bridge::CvImagePtr autoCam_pkg::cv_ptr[m[K' previously declared here
 cv_bridge::CvImagePtr cv_ptr;
[01;32m[K                       ^[m[K
CMakeFiles/autoCam_pkg.dir/build.make:95: recipe for target 'CMakeFiles/autoCam_pkg.dir/src/main.cpp.o' failed
make[2]: *** [CMakeFiles/autoCam_pkg.dir/src/main.cpp.o] Error 1
CMakeFiles/autoCam_pkg.dir/build.make:167: recipe for target 'CMakeFiles/autoCam_pkg.dir/src/main_window.cpp.o' failed
make[2]: *** [CMakeFiles/autoCam_pkg.dir/src/main_window.cpp.o] Error 1
CMakeFiles/Makefile2:67: recipe for target 'CMakeFiles/autoCam_pkg.dir/all' failed
make[1]: *** [CMakeFiles/autoCam_pkg.dir/all] Error 2
Makefile:138: recipe for target 'all' failed
make: *** [all] Error 2
