[  6%] [34m[1mGenerating include/autoCam_pkg/moc_main_window.cxx[0m
[35m[1mScanning dependencies of target autoCam_pkg[0m
[ 12%] [32mBuilding CXX object CMakeFiles/autoCam_pkg.dir/src/main.cpp.o[0m
[ 18%] [32mBuilding CXX object CMakeFiles/autoCam_pkg.dir/src/main_window.cpp.o[0m
[ 25%] [32mBuilding CXX object CMakeFiles/autoCam_pkg.dir/include/autoCam_pkg/moc_main_window.cxx.o[0m
[01m[K/home/swhite/autoCam_ws/src/autoCam_pkg/src/main_window.cpp:[m[K In member function '[01m[Kvoid autoCam_pkg::MainWindow::on_Manual_SwitchButton_pressed()[m[K':
[01m[K/home/swhite/autoCam_ws/src/autoCam_pkg/src/main_window.cpp:194:11:[m[K [01;31m[Kerror: [m[Kno match for '[01m[Koperator>>[m[K' (operand types are '[01m[Kcv::Mat[m[K' and '[01m[Kcv::Mat[m[K')
     frame >> my_global_cv_ptr->image;
[01;32m[K           ^[m[K
In file included from [01m[K/usr/include/qt4/QtCore/qbitarray.h:45:0[m[K,
                 from [01m[K/usr/include/qt4/QtCore/QtCore:4[m[K,
                 from [01m[K/usr/include/qt4/QtGui/QtGui:3[m[K,
                 from [01m[K/home/swhite/autoCam_ws/src/autoCam_pkg/src/main_window.cpp:12[m[K:
[01m[K/usr/include/qt4/QtCore/qbytearray.h:598:28:[m[K [01;36m[Knote: [m[Kcandidate: QDataStream& operator>>(QDataStream&, QByteArray&)
 Q_CORE_EXPORT QDataStream &operator>>(QDataStream &, QByteArray &);
[01;32m[K                            ^[m[K
[01m[K/usr/include/qt4/QtCore/qbytearray.h:598:28:[m[K [01;36m[Knote: [m[K  no known conversion for argument 1 from '[01m[Kcv::Mat[m[K' to '[01m[KQDataStream&[m[K'
In file included from [01m[K/usr/include/qt4/QtCore/QtCore:4:0[m[K,
                 from [01m[K/usr/include/qt4/QtGui/QtGui:3[m[K,
                 from [01m[K/home/swhite/autoCam_ws/src/autoCam_pkg/src/main_window.cpp:12[m[K:
[01m[K/usr/include/qt4/QtCore/qbitarray.h:170:28:[m[K [01;36m[Knote: [m[Kcandidate: QDataStream& operator>>(QDataStream&, QBitArray&)
 Q_CORE_EXPORT QDataStream &operator>>(QDataStream &, QBitArray &);
[01;32m[K                            ^[m[K
[01m[K/usr/include/qt4/QtCore/qbitarray.h:170:28:[m[K [01;36m[Knote: [m[K  no known conversion for argument 1 from '[01m[Kcv::Mat[m[K' to '[01m[KQDataStream&[m[K'
In file included from [01m[K/usr/include/qt4/QtCore/qhash.h:46:0[m[K,
                 from [01m[K/usr/include/qt4/QtCore/qcache.h:45[m[K,
                 from [01m[K/usr/include/qt4/QtCore/QtCore:7[m[K,
                 from [01m[K/usr/include/qt4/QtGui/QtGui:3[m[K,
                 from [01m[K/home/swhite/autoCam_ws/src/autoCam_pkg/src/main_window.cpp:12[m[K:
[01m[K/usr/include/qt4/QtCore/qchar.h:401:28:[m[K [01;36m[Knote: [m[Kcandidate: QDataStream& operator>>(QDataStream&, QChar&)
 Q_CORE_EXPORT QDataStream &operator>>(QDataStream &, QChar &);
[01;32m[K                            ^[m[K
[01m[K/usr/include/qt4/QtCore/qchar.h:401:28:[m[K [01;36m[Knote: [m[K  no known conversion for argument 1 from '[01m[Kcv::Mat[m[K' to '[01m[KQDataStream&[m[K'
In file included from [01m[K/usr/include/qt4/QtCore/qobject.h:48:0[m[K,
                 from [01m[K/usr/include/qt4/QtCore/qiodevice.h:46[m[K,
                 from [01m[K/usr/include/qt4/QtCore/qdatastream.h:46[m[K,
                 from [01m[K/usr/include/qt4/QtCore/qpair.h:45[m[K,
                 from [01m[K/usr/include/qt4/QtCore/qhash.h:49[m[K,
                 from [01m[K/usr/include/qt4/QtCore/qcache.h:45[m[K,
                 from [01m[K/usr/include/qt4/QtCore/QtCore:7[m[K,
                 from [01m[K/usr/include/qt4/QtGui/QtGui:3[m[K,
                 from [01m[K/home/swhite/autoCam_ws/src/autoCam_pkg/src/main_window.cpp:12[m[K:
[01m[K/usr/include/qt4/QtCore/qstring.h:1081:28:[m[K [01;36m[Knote: [m[Kcandidate: QDataStream& operator>>(QDataStream&, QString&)
 Q_CORE_EXPORT QDataStream &operator>>(QDataStream &, QString &);
[01;32m[K                            ^[m[K
[01m[K/usr/include/qt4/QtCore/qstring.h:1081:28:[m[K [01;36m[Knote: [m[K  no known conversion for argument 1 from '[01m[Kcv::Mat[m[K' to '[01m[KQDataStream&[m[K'
In file included from [01m[K/usr/include/qt4/QtCore/qpair.h:45:0[m[K,
                 from [01m[K/usr/include/qt4/QtCore/qhash.h:49[m[K,
                 from [01m[K/usr/include/qt4/QtCore/qcache.h:45[m[K,
                 from [01m[K/usr/include/qt4/QtCore/QtCore:7[m[K,
                 from [01m[K/usr/include/qt4/QtGui/QtGui:3[m[K,
                 from [01m[K/home/swhite/autoCam_ws/src/autoCam_pkg/src/main_window.cpp:12[m[K:
[01m[K/usr/include/qt4/QtCore/qdatastream.h:243:14:[m[K [01;36m[Knote: [m[Kcandidate: template<class T> QDataStream& operator>>(QDataStream&, QList<T>&)
 QDataStream& operator>>(QDataStream& s, QList<T>& l)
[01;32m[K              ^[m[K
[01m[K/usr/include/qt4/QtCore/qdatastream.h:243:14:[m[K [01;36m[Knote: [m[K  template argument deduction/substitution failed:
[01m[K/home/swhite/autoCam_ws/src/autoCam_pkg/src/main_window.cpp:194:5:[m[K [01;36m[Knote: [m[K  cannot convert '[01m[K((autoCam_pkg::MainWindow*)this)->autoCam_pkg::MainWindow::frame[m[K' (type '[01m[Kcv::Mat[m[K') to type '[01m[KQDataStream&[m[K'
     frame >> my_global_cv_ptr->image;
[01;32m[K     ^[m[K
In file included from [01m[K/usr/include/qt4/QtCore/qpair.h:45:0[m[K,
                 from [01m[K/usr/include/qt4/QtCore/qhash.h:49[m[K,
                 from [01m[K/usr/include/qt4/QtCore/qcache.h:45[m[K,
                 from [01m[K/usr/include/qt4/QtCore/QtCore:7[m[K,
                 from [01m[K/usr/include/qt4/QtGui/QtGui:3[m[K,
                 from [01m[K/home/swhite/autoCam_ws/src/autoCam_pkg/src/main_window.cpp:12[m[K:
[01m[K/usr/include/qt4/QtCore/qdatastream.h:270:14:[m[K [01;36m[Knote: [m[Kcandidate: template<class T> QDataStream& operator>>(QDataStream&, QLinkedList<T>&)
 QDataStream& operator>>(QDataStream& s, QLinkedList<T>& l)
[01;32m[K              ^[m[K
[01m[K/usr/include/qt4/QtCore/qdatastream.h:270:14:[m[K [01;36m[Knote: [m[K  template argument deduction/substitution failed:
[01m[K/home/swhite/autoCam_ws/src/autoCam_pkg/src/main_window.cpp:194:5:[m[K [01;36m[Knote: [m[K  cannot convert '[01m[K((autoCam_pkg::MainWindow*)this)->autoCam_pkg::MainWindow::frame[m[K' (type '[01m[Kcv::Mat[m[K') to type '[01m[KQDataStream&[m[K'
     frame >> my_global_cv_ptr->image;
[01;32m[K     ^[m[K
In file included from [01m[K/usr/include/qt4/QtCore/qpair.h:45:0[m[K,
                 from [01m[K/usr/include/qt4/QtCore/qhash.h:49[m[K,
                 from [01m[K/usr/include/qt4/QtCore/qcache.h:45[m[K,
                 from [01m[K/usr/include/qt4/QtCore/QtCore:7[m[K,
                 from [01m[K/usr/include/qt4/QtGui/QtGui:3[m[K,
                 from [01m[K/home/swhite/autoCam_ws/src/autoCam_pkg/src/main_window.cpp:12[m[K:
[01m[K/usr/include/qt4/QtCore/qdatastream.h:297:14:[m[K [01;36m[Knote: [m[Kcandidate: template<class T> QDataStream& operator>>(QDataStream&, QVector<T>&)
 QDataStream& operator>>(QDataStream& s, QVector<T>& v)
[01;32m[K              ^[m[K
[01m[K/usr/include/qt4/QtCore/qdatastream.h:297:14:[m[K [01;36m[Knote: [m[K  template argument deduction/substitution failed:
[01m[K/home/swhite/autoCam_ws/src/autoCam_pkg/src/main_window.cpp:194:5:[m[K [01;36m[Knote: [m[K  cannot convert '[01m[K((autoCam_pkg::MainWindow*)this)->autoCam_pkg::MainWindow::frame[m[K' (type '[01m[Kcv::Mat[m[K') to type '[01m[KQDataStream&[m[K'
     frame >> my_global_cv_ptr->image;
[01;32m[K     ^[m[K
In file included from [01m[K/usr/include/qt4/QtCore/qpair.h:45:0[m[K,
                 from [01m[K/usr/include/qt4/QtCore/qhash.h:49[m[K,
                 from [01m[K/usr/include/qt4/QtCore/qcache.h:45[m[K,
                 from [01m[K/usr/include/qt4/QtCore/QtCore:7[m[K,
                 from [01m[K/usr/include/qt4/QtGui/QtGui:3[m[K,
                 from [01m[K/home/swhite/autoCam_ws/src/autoCam_pkg/src/main_window.cpp:12[m[K:
[01m[K/usr/include/qt4/QtCore/qdatastream.h:321:14:[m[K [01;36m[Knote: [m[Kcandidate: template<class T> QDataStream& operator>>(QDataStream&, QSet<T>&)
 QDataStream &operator>>(QDataStream &in, QSet<T> &set)
[01;32m[K              ^[m[K
[01m[K/usr/include/qt4/QtCore/qdatastream.h:321:14:[m[K [01;36m[Knote: [m[K  template argument deduction/substitution failed:
[01m[K/home/swhite/autoCam_ws/src/autoCam_pkg/src/main_window.cpp:194:5:[m[K [01;36m[Knote: [m[K  cannot convert '[01m[K((autoCam_pkg::MainWindow*)this)->autoCam_pkg::MainWindow::frame[m[K' (type '[01m[Kcv::Mat[m[K') to type '[01m[KQDataStream&[m[K'
     frame >> my_global_cv_ptr->image;
[01;32m[K     ^[m[K
In file included from [01m[K/usr/include/qt4/QtCore/qpair.h:45:0[m[K,
                 from [01m[K/usr/include/qt4/QtCore/qhash.h:49[m[K,
                 from [01m[K/usr/include/qt4/QtCore/qcache.h:45[m[K,
                 from [01m[K/usr/include/qt4/QtCore/QtCore:7[m[K,
                 from [01m[K/usr/include/qt4/QtGui/QtGui:3[m[K,
                 from [01m[K/home/swhite/autoCam_ws/src/autoCam_pkg/src/main_window.cpp:12[m[K:
[01m[K/usr/include/qt4/QtCore/qdatastream.h:349:35:[m[K [01;36m[Knote: [m[Kcandidate: template<class Key, class T> QDataStream& operator>>(QDataStream&, QHash<Key, T>&)
 Q_OUTOFLINE_TEMPLATE QDataStream &operator>>(QDataStream &in, QHash<Key, T> &hash)
[01;32m[K                                   ^[m[K
[01m[K/usr/include/qt4/QtCore/qdatastream.h:349:35:[m[K [01;36m[Knote: [m[K  template argument deduction/substitution failed:
[01m[K/home/swhite/autoCam_ws/src/autoCam_pkg/src/main_window.cpp:194:5:[m[K [01;36m[Knote: [m[K  cannot convert '[01m[K((autoCam_pkg::MainWindow*)this)->autoCam_pkg::MainWindow::frame[m[K' (type '[01m[Kcv::Mat[m[K') to type '[01m[KQDataStream&[m[K'
     frame >> my_global_cv_ptr->image;
[01;32m[K     ^[m[K
In file included from [01m[K/usr/include/qt4/QtCore/qpair.h:45:0[m[K,
                 from [01m[K/usr/include/qt4/QtCore/qhash.h:49[m[K,
                 from [01m[K/usr/include/qt4/QtCore/qcache.h:45[m[K,
                 from [01m[K/usr/include/qt4/QtCore/QtCore:7[m[K,
                 from [01m[K/usr/include/qt4/QtGui/QtGui:3[m[K,
                 from [01m[K/home/swhite/autoCam_ws/src/autoCam_pkg/src/main_window.cpp:12[m[K:
[01m[K/usr/include/qt4/QtCore/qdatastream.h:392:35:[m[K [01;36m[Knote: [m[Kcandidate: template<class aKey, class aT> QDataStream& operator>>(QDataStream&, QMap<aKey, aT>&)
 Q_OUTOFLINE_TEMPLATE QDataStream &operator>>(QDataStream &in, QMap<aKey, aT> &map)
[01;32m[K                                   ^[m[K
[01m[K/usr/include/qt4/QtCore/qdatastream.h:392:35:[m[K [01;36m[Knote: [m[K  template argument deduction/substitution failed:
[01m[K/home/swhite/autoCam_ws/src/autoCam_pkg/src/main_window.cpp:194:5:[m[K [01;36m[Knote: [m[K  cannot convert '[01m[K((autoCam_pkg::MainWindow*)this)->autoCam_pkg::MainWindow::frame[m[K' (type '[01m[Kcv::Mat[m[K') to type '[01m[KQDataStream&[m[K'
     frame >> my_global_cv_ptr->image;
[01;32m[K     ^[m[K
In file included from [01m[K/usr/include/qt4/QtCore/qhash.h:49:0[m[K,
                 from [01m[K/usr/include/qt4/QtCore/qcache.h:45[m[K,
                 from [01m[K/usr/include/qt4/QtCore/QtCore:7[m[K,
                 from [01m[K/usr/include/qt4/QtGui/QtGui:3[m[K,
                 from [01m[K/home/swhite/autoCam_ws/src/autoCam_pkg/src/main_window.cpp:12[m[K:
[01m[K/usr/include/qt4/QtCore/qpair.h:109:21:[m[K [01;36m[Knote: [m[Kcandidate: template<class T1, class T2> QDataStream& operator>>(QDataStream&, QPair<T1, T2>&)
 inline QDataStream& operator>>(QDataStream& s, QPair<T1, T2>& p)
[01;32m[K                     ^[m[K
[01m[K/usr/include/qt4/QtCore/qpair.h:109:21:[m[K [01;36m[Knote: [m[K  template argument deduction/substitution failed:
[01m[K/home/swhite/autoCam_ws/src/autoCam_pkg/src/main_window.cpp:194:5:[m[K [01;36m[Knote: [m[K  cannot convert '[01m[K((autoCam_pkg::MainWindow*)this)->autoCam_pkg::MainWindow::frame[m[K' (type '[01m[Kcv::Mat[m[K') to type '[01m[KQDataStream&[m[K'
     frame >> my_global_cv_ptr->image;
[01;32m[K     ^[m[K
In file included from [01m[K/usr/include/qt4/QtCore/QtCore:12:0[m[K,
                 from [01m[K/usr/include/qt4/QtGui/QtGui:3[m[K,
                 from [01m[K/home/swhite/autoCam_ws/src/autoCam_pkg/src/main_window.cpp:12[m[K:
[01m[K/usr/include/qt4/QtCore/qdatetime.h:323:28:[m[K [01;36m[Knote: [m[Kcandidate: QDataStream& operator>>(QDataStream&, QDate&)
 Q_CORE_EXPORT QDataStream &operator>>(QDataStream &, QDate &);
[01;32m[K                            ^[m[K
[01m[K/usr/include/qt4/QtCore/qdatetime.h:323:28:[m[K [01;36m[Knote: [m[K  no known conversion for argument 1 from '[01m[Kcv::Mat[m[K' to '[01m[KQDataStream&[m[K'
[01m[K/usr/include/qt4/QtCore/qdatetime.h:325:28:[m[K [01;36m[Knote: [m[Kcandidate: QDataStream& operator>>(QDataStream&, QTime&)
 Q_CORE_EXPORT QDataStream &operator>>(QDataStream &, QTime &);
[01;32m[K                            ^[m[K
[01m[K/usr/include/qt4/QtCore/qdatetime.h:325:28:[m[K [01;36m[Knote: [m[K  no known conversion for argument 1 from '[01m[Kcv::Mat[m[K' to '[01m[KQDataStream&[m[K'
[01m[K/usr/include/qt4/QtCore/qdatetime.h:327:28:[m[K [01;36m[Knote: [m[Kcandidate: QDataStream& operator>>(QDataStream&, QDateTime&)
 Q_CORE_EXPORT QDataStream &operator>>(QDataStream &, QDateTime &);
[01;32m[K                            ^[m[K
[01m[K/usr/include/qt4/QtCore/qdatetime.h:327:28:[m[K [01;36m[Knote: [m[K  no known conversion for argument 1 from '[01m[Kcv::Mat[m[K' to '[01m[KQDataStream&[m[K'
In file included from [01m[K/usr/include/qt4/QtCore/QtCore:13:0[m[K,
                 from [01m[K/usr/include/qt4/QtGui/QtGui:3[m[K,
                 from [01m[K/home/swhite/autoCam_ws/src/autoCam_pkg/src/main_window.cpp:12[m[K:
[01m[K/usr/include/qt4/QtCore/qeasingcurve.h:118:28:[m[K [01;36m[Knote: [m[Kcandidate: QDataStream& operator>>(QDataStream&, QEasingCurve&)
 Q_CORE_EXPORT QDataStream &operator>>(QDataStream &, QEasingCurve &);
[01;32m[K                            ^[m[K
[01m[K/usr/include/qt4/QtCore/qeasingcurve.h:118:28:[m[K [01;36m[Knote: [m[K  no known conversion for argument 1 from '[01m[Kcv::Mat[m[K' to '[01m[KQDataStream&[m[K'
In file included from [01m[K/usr/include/qt4/QtCore/qline.h:45:0[m[K,
                 from [01m[K/usr/include/qt4/QtCore/QtCore:17[m[K,
                 from [01m[K/usr/include/qt4/QtGui/QtGui:3[m[K,
                 from [01m[K/home/swhite/autoCam_ws/src/autoCam_pkg/src/main_window.cpp:12[m[K:
[01m[K/usr/include/qt4/QtCore/qpoint.h:112:28:[m[K [01;36m[Knote: [m[Kcandidate: QDataStream& operator>>(QDataStream&, QPoint&)
 Q_CORE_EXPORT QDataStream &operator>>(QDataStream &, QPoint &);
[01;32m[K                            ^[m[K
[01m[K/usr/include/qt4/QtCore/qpoint.h:112:28:[m[K [01;36m[Knote: [m[K  no known conversion for argument 1 from '[01m[Kcv::Mat[m[K' to '[01m[KQDataStream&[m[K'
[01m[K/usr/include/qt4/QtCore/qpoint.h:264:28:[m[K [01;36m[Knote: [m[Kcandidate: QDataStream& operator>>(QDataStream&, QPointF&)
 Q_CORE_EXPORT QDataStream &operator>>(QDataStream &, QPointF &);
[01;32m[K                            ^[m[K
[01m[K/usr/include/qt4/QtCore/qpoint.h:264:28:[m[K [01;36m[Knote: [m[K  no known conversion for argument 1 from '[01m[Kcv::Mat[m[K' to '[01m[KQDataStream&[m[K'
In file included from [01m[K/usr/include/qt4/QtCore/QtCore:17:0[m[K,
                 from [01m[K/usr/include/qt4/QtGui/QtGui:3[m[K,
                 from [01m[K/home/swhite/autoCam_ws/src/autoCam_pkg/src/main_window.cpp:12[m[K:
[01m[K/usr/include/qt4/QtCore/qline.h:206:28:[m[K [01;36m[Knote: [m[Kcandidate: QDataStream& operator>>(QDataStream&, QLine&)
 Q_CORE_EXPORT QDataStream &operator>>(QDataStream &, QLine &);
[01;32m[K                            ^[m[K
[01m[K/usr/include/qt4/QtCore/qline.h:206:28:[m[K [01;36m[Knote: [m[K  no known conversion for argument 1 from '[01m[Kcv::Mat[m[K' to '[01m[KQDataStream&[m[K'
[01m[K/usr/include/qt4/QtCore/qline.h:417:28:[m[K [01;36m[Knote: [m[Kcandidate: QDataStream& operator>>(QDataStream&, QLineF&)
 Q_CORE_EXPORT QDataStream &operator>>(QDataStream &, QLineF &);
[01;32m[K                            ^[m[K
[01m[K/usr/include/qt4/QtCore/qline.h:417:28:[m[K [01;36m[Knote: [m[K  no known conversion for argument 1 from '[01m[Kcv::Mat[m[K' to '[01m[KQDataStream&[m[K'
In file included from [01m[K/usr/include/qt4/QtCore/qlocale.h:45:0[m[K,
                 from [01m[K/usr/include/qt4/QtCore/QtCore:20[m[K,
                 from [01m[K/usr/include/qt4/QtGui/QtGui:3[m[K,
                 from [01m[K/home/swhite/autoCam_ws/src/autoCam_pkg/src/main_window.cpp:12[m[K:
[01m[K/usr/include/qt4/QtCore/qvariant.h:531:28:[m[K [01;36m[Knote: [m[Kcandidate: QDataStream& operator>>(QDataStream&, QVariant&)
 Q_CORE_EXPORT QDataStream& operator>> (QDataStream& s, QVariant& p);
[01;32m[K                            ^[m[K
[01m[K/usr/include/qt4/QtCore/qvariant.h:531:28:[m[K [01;36m[Knote: [m[K  no known conversion for argument 1 from '[01m[Kcv::Mat[m[K' to '[01m[KQDataStream&[m[K'
[01m[K/usr/include/qt4/QtCore/qvariant.h:533:28:[m[K [01;36m[Knote: [m[Kcandidate: QDataStream& operator>>(QDataStream&, QVariant::Type&)
 Q_CORE_EXPORT QDataStream& operator>> (QDataStream& s, QVariant::Type& p);
[01;32m[K                            ^[m[K
[01m[K/usr/include/qt4/QtCore/qvariant.h:533:28:[m[K [01;36m[Knote: [m[K  no known conversion for argument 1 from '[01m[Kcv::Mat[m[K' to '[01m[KQDataStream&[m[K'
In file included from [01m[K/usr/include/qt4/QtCore/QtCore:20:0[m[K,
                 from [01m[K/usr/include/qt4/QtGui/QtGui:3[m[K,
                 from [01m[K/home/swhite/autoCam_ws/src/autoCam_pkg/src/main_window.cpp:12[m[K:
[01m[K/usr/include/qt4/QtCore/qlocale.h:838:28:[m[K [01;36m[Knote: [m[Kcandidate: QDataStream& operator>>(QDataStream&, QLocale&)
 Q_CORE_EXPORT QDataStream &operator>>(QDataStream &, QLocale &);
[01;32m[K                            ^[m[K
[01m[K/usr/include/qt4/QtCore/qlocale.h:838:28:[m[K [01;36m[Knote: [m[K  no known conversion for argument 1 from '[01m[Kcv::Mat[m[K' to '[01m[KQDataStream&[m[K'
In file included from [01m[K/usr/include/qt4/QtCore/qrect.h:45:0[m[K,
                 from [01m[K/usr/include/qt4/QtCore/QtCore:26[m[K,
                 from [01m[K/usr/include/qt4/QtGui/QtGui:3[m[K,
                 from [01m[K/home/swhite/autoCam_ws/src/autoCam_pkg/src/main_window.cpp:12[m[K:
[01m[K/usr/include/qt4/QtCore/qsize.h:103:28:[m[K [01;36m[Knote: [m[Kcandidate: QDataStream& operator>>(QDataStream&, QSize&)
 Q_CORE_EXPORT QDataStream &operator>>(QDataStream &, QSize &);
[01;32m[K                            ^[m[K
[01m[K/usr/include/qt4/QtCore/qsize.h:103:28:[m[K [01;36m[Knote: [m[K  no known conversion for argument 1 from '[01m[Kcv::Mat[m[K' to '[01m[KQDataStream&[m[K'
[01m[K/usr/include/qt4/QtCore/qsize.h:256:28:[m[K [01;36m[Knote: [m[Kcandidate: QDataStream& operator>>(QDataStream&, QSizeF&)
 Q_CORE_EXPORT QDataStream &operator>>(QDataStream &, QSizeF &);
[01;32m[K                            ^[m[K
[01m[K/usr/include/qt4/QtCore/qsize.h:256:28:[m[K [01;36m[Knote: [m[K  no known conversion for argument 1 from '[01m[Kcv::Mat[m[K' to '[01m[KQDataStream&[m[K'
In file included from [01m[K/usr/include/qt4/QtCore/QtCore:26:0[m[K,
                 from [01m[K/usr/include/qt4/QtGui/QtGui:3[m[K,
                 from [01m[K/home/swhite/autoCam_ws/src/autoCam_pkg/src/main_window.cpp:12[m[K:
[01m[K/usr/include/qt4/QtCore/qrect.h:200:28:[m[K [01;36m[Knote: [m[Kcandidate: QDataStream& operator>>(QDataStream&, QRect&)
 Q_CORE_EXPORT QDataStream &operator>>(QDataStream &, QRect &);
[01;32m[K                            ^[m[K
[01m[K/usr/include/qt4/QtCore/qrect.h:200:28:[m[K [01;36m[Knote: [m[K  no known conversion for argument 1 from '[01m[Kcv::Mat[m[K' to '[01m[KQDataStream&[m[K'
[01m[K/usr/include/qt4/QtCore/qrect.h:622:28:[m[K [01;36m[Knote: [m[Kcandidate: QDataStream& operator>>(QDataStream&, QRectF&)
 Q_CORE_EXPORT QDataStream &operator>>(QDataStream &, QRectF &);
[01;32m[K                            ^[m[K
[01m[K/usr/include/qt4/QtCore/qrect.h:622:28:[m[K [01;36m[Knote: [m[K  no known conversion for argument 1 from '[01m[Kcv::Mat[m[K' to '[01m[KQDataStream&[m[K'
In file included from [01m[K/usr/include/qt4/QtCore/QtCore:27:0[m[K,
                 from [01m[K/usr/include/qt4/QtGui/QtGui:3[m[K,
                 from [01m[K/home/swhite/autoCam_ws/src/autoCam_pkg/src/main_window.cpp:12[m[K:
[01m[K/usr/include/qt4/QtCore/qregexp.h:160:28:[m[K [01;36m[Knote: [m[Kcandidate: QDataStream& operator>>(QDataStream&, QRegExp&)
 Q_CORE_EXPORT QDataStream &operator>>(QDataStream &in, QRegExp &regExp);
[01;32m[K                            ^[m[K
[01m[K/usr/include/qt4/QtCore/qregexp.h:160:28:[m[K [01;36m[Knote: [m[K  no known conversion for argument 1 from '[01m[Kcv::Mat[m[K' to '[01m[KQDataStream&[m[K'
In file included from [01m[K/usr/include/qt4/QtCore/QtCore:37:0[m[K,
                 from [01m[K/usr/include/qt4/QtGui/QtGui:3[m[K,
                 from [01m[K/home/swhite/autoCam_ws/src/autoCam_pkg/src/main_window.cpp:12[m[K:
[01m[K/usr/include/qt4/QtCore/qstringlist.h:248:21:[m[K [01;36m[Knote: [m[Kcandidate: QDataStream& operator>>(QDataStream&, QStringList&)
 inline QDataStream &operator>>(QDataStream &in, QStringList &list)
[01;32m[K                     ^[m[K
[01m[K/usr/include/qt4/QtCore/qstringlist.h:248:21:[m[K [01;36m[Knote: [m[K  no known conversion for argument 1 from '[01m[Kcv::Mat[m[K' to '[01m[KQDataStream&[m[K'
In file included from [01m[K/usr/include/qt4/QtCore/QtCore:82:0[m[K,
                 from [01m[K/usr/include/qt4/QtGui/QtGui:3[m[K,
                 from [01m[K/home/swhite/autoCam_ws/src/autoCam_pkg/src/main_window.cpp:12[m[K:
[01m[K/usr/include/qt4/QtCore/quuid.h:187:28:[m[K [01;36m[Knote: [m[Kcandidate: QDataStream& operator>>(QDataStream&, QUuid&)
 Q_CORE_EXPORT QDataStream &operator>>(QDataStream &, QUuid &);
[01;32m[K                            ^[m[K
[01m[K/usr/include/qt4/QtCore/quuid.h:187:28:[m[K [01;36m[Knote: [m[K  no known conversion for argument 1 from '[01m[Kcv::Mat[m[K' to '[01m[KQDataStream&[m[K'
In file included from [01m[K/usr/include/qt4/QtCore/qdebug.h:50:0[m[K,
                 from [01m[K/usr/include/qt4/QtCore/QtCore:87[m[K,
                 from [01m[K/usr/include/qt4/QtGui/QtGui:3[m[K,
                 from [01m[K/home/swhite/autoCam_ws/src/autoCam_pkg/src/main_window.cpp:12[m[K:
[01m[K/usr/include/qt4/QtCore/qtextstream.h:288:21:[m[K [01;36m[Knote: [m[Kcandidate: QTextStream& operator>>(QTextStream&, QTextStreamFunction)
 inline QTextStream &operator>>(QTextStream &s, QTextStreamFunction f)
[01;32m[K                     ^[m[K
[01m[K/usr/include/qt4/QtCore/qtextstream.h:288:21:[m[K [01;36m[Knote: [m[K  no known conversion for argument 1 from '[01m[Kcv::Mat[m[K' to '[01m[KQTextStream&[m[K'
In file included from [01m[K/usr/include/qt4/QtCore/QtCore:100:0[m[K,
                 from [01m[K/usr/include/qt4/QtGui/QtGui:3[m[K,
                 from [01m[K/home/swhite/autoCam_ws/src/autoCam_pkg/src/main_window.cpp:12[m[K:
[01m[K/usr/include/qt4/QtCore/qurl.h:296:28:[m[K [01;36m[Knote: [m[Kcandidate: QDataStream& operator>>(QDataStream&, QUrl&)
 Q_CORE_EXPORT QDataStream &operator>>(QDataStream &, QUrl &);
[01;32m[K                            ^[m[K
[01m[K/usr/include/qt4/QtCore/qurl.h:296:28:[m[K [01;36m[Knote: [m[K  no known conversion for argument 1 from '[01m[Kcv::Mat[m[K' to '[01m[KQDataStream&[m[K'
In file included from [01m[K/usr/include/qt4/QtGui/qmatrix.h:45:0[m[K,
                 from [01m[K/usr/include/qt4/QtGui/qpainterpath.h:45[m[K,
                 from [01m[K/usr/include/qt4/QtGui/qgraphicsitem.h:50[m[K,
                 from [01m[K/usr/include/qt4/QtGui/qgraphicsanchorlayout.h:45[m[K,
                 from [01m[K/usr/include/qt4/QtGui/QtGui:4[m[K,
                 from [01m[K/home/swhite/autoCam_ws/src/autoCam_pkg/src/main_window.cpp:12[m[K:
[01m[K/usr/include/qt4/QtGui/qpolygon.h:110:27:[m[K [01;36m[Knote: [m[Kcandidate: QDataStream& operator>>(QDataStream&, QPolygon&)
 Q_GUI_EXPORT QDataStream &operator>>(QDataStream &stream, QPolygon &polygon);
[01;32m[K                           ^[m[K
[01m[K/usr/include/qt4/QtGui/qpolygon.h:110:27:[m[K [01;36m[Knote: [m[K  no known conversion for argument 1 from '[01m[Kcv::Mat[m[K' to '[01m[KQDataStream&[m[K'
[01m[K/usr/include/qt4/QtGui/qpolygon.h:176:27:[m[K [01;36m[Knote: [m[Kcandidate: QDataStream& operator>>(QDataStream&, QPolygonF&)
 Q_GUI_EXPORT QDataStream &operator>>(QDataStream &stream, QPolygonF &array);
[01;32m[K                           ^[m[K
[01m[K/usr/include/qt4/QtGui/qpolygon.h:176:27:[m[K [01;36m[Knote: [m[K  no known conversion for argument 1 from '[01m[Kcv::Mat[m[K' to '[01m[KQDataStream&[m[K'
In file included from [01m[K/usr/include/qt4/QtGui/qmatrix.h:46:0[m[K,
                 from [01m[K/usr/include/qt4/QtGui/qpainterpath.h:45[m[K,
                 from [01m[K/usr/include/qt4/QtGui/qgraphicsitem.h:50[m[K,
                 from [01m[K/usr/include/qt4/QtGui/qgraphicsanchorlayout.h:45[m[K,
                 from [01m[K/usr/include/qt4/QtGui/QtGui:4[m[K,
                 from [01m[K/home/swhite/autoCam_ws/src/autoCam_pkg/src/main_window.cpp:12[m[K:
[01m[K/usr/include/qt4/QtGui/qregion.h:228:27:[m[K [01;36m[Knote: [m[Kcandidate: QDataStream& operator>>(QDataStream&, QRegion&)
 Q_GUI_EXPORT QDataStream &operator>>(QDataStream &, QRegion &);
[01;32m[K                           ^[m[K
[01m[K/usr/include/qt4/QtGui/qregion.h:228:27:[m[K [01;36m[Knote: [m[K  no known conversion for argument 1 from '[01m[Kcv::Mat[m[K' to '[01m[KQDataStream&[m[K'
In file included from [01m[K/usr/include/qt4/QtGui/qpainterpath.h:45:0[m[K,
                 from [01m[K/usr/include/qt4/QtGui/qgraphicsitem.h:50[m[K,
                 from [01m[K/usr/include/qt4/QtGui/qgraphicsanchorlayout.h:45[m[K,
                 from [01m[K/usr/include/qt4/QtGui/QtGui:4[m[K,
                 from [01m[K/home/swhite/autoCam_ws/src/autoCam_pkg/src/main_window.cpp:12[m[K:
[01m[K/usr/include/qt4/QtGui/qmatrix.h:189:27:[m[K [01;36m[Knote: [m[Kcandidate: QDataStream& operator>>(QDataStream&, QMatrix&)
 Q_GUI_EXPORT QDataStream &operator>>(QDataStream &, QMatrix &);
[01;32m[K                           ^[m[K
[01m[K/usr/include/qt4/QtGui/qmatrix.h:189:27:[m[K [01;36m[Knote: [m[K  no known conversion for argument 1 from '[01m[Kcv::Mat[m[K' to '[01m[KQDataStream&[m[K'
In file included from [01m[K/usr/include/qt4/QtGui/qgraphicsitem.h:50:0[m[K,
                 from [01m[K/usr/include/qt4/QtGui/qgraphicsanchorlayout.h:45[m[K,
                 from [01m[K/usr/include/qt4/QtGui/QtGui:4[m[K,
                 from [01m[K/home/swhite/autoCam_ws/src/autoCam_pkg/src/main_window.cpp:12[m[K:
[01m[K/usr/include/qt4/QtGui/qpainterpath.h:261:27:[m[K [01;36m[Knote: [m[Kcandidate: QDataStream& operator>>(QDataStream&, QPainterPath&)
 Q_GUI_EXPORT QDataStream &operator>>(QDataStream &, QPainterPath &);
[01;32m[K                           ^[m[K
[01m[K/usr/include/qt4/QtGui/qpainterpath.h:261:27:[m[K [01;36m[Knote: [m[K  no known conversion for argument 1 from '[01m[Kcv::Mat[m[K' to '[01m[KQDataStream&[m[K'
In file included from [01m[K/usr/include/qt4/QtGui/qpixmap.h:46:0[m[K,
                 from [01m[K/usr/include/qt4/QtGui/qgraphicsitem.h:51[m[K,
                 from [01m[K/usr/include/qt4/QtGui/qgraphicsanchorlayout.h:45[m[K,
                 from [01m[K/usr/include/qt4/QtGui/QtGui:4[m[K,
                 from [01m[K/home/swhite/autoCam_ws/src/autoCam_pkg/src/main_window.cpp:12[m[K:
[01m[K/usr/include/qt4/QtGui/qcolor.h:275:38:[m[K [01;36m[Knote: [m[Kcandidate: QDataStream& operator>>(QDataStream&, QColor&)
     friend Q_GUI_EXPORT QDataStream &operator>>(QDataStream &, QColor &);
[01;32m[K                                      ^[m[K
[01m[K/usr/include/qt4/QtGui/qcolor.h:275:38:[m[K [01;36m[Knote: [m[K  no known conversion for argument 1 from '[01m[Kcv::Mat[m[K' to '[01m[KQDataStream&[m[K'
In file included from [01m[K/usr/include/qt4/QtGui/qimage.h:45:0[m[K,
                 from [01m[K/usr/include/qt4/QtGui/qpixmap.h:50[m[K,
                 from [01m[K/usr/include/qt4/QtGui/qgraphicsitem.h:51[m[K,
                 from [01m[K/usr/include/qt4/QtGui/qgraphicsanchorlayout.h:45[m[K,
                 from [01m[K/usr/include/qt4/QtGui/QtGui:4[m[K,
                 from [01m[K/home/swhite/autoCam_ws/src/autoCam_pkg/src/main_window.cpp:12[m[K:
[01m[K/usr/include/qt4/QtGui/qtransform.h:356:27:[m[K [01;36m[Knote: [m[Kcandidate: QDataStream& operator>>(QDataStream&, QTransform&)
 Q_GUI_EXPORT QDataStream &operator>>(QDataStream &, QTransform &);
[01;32m[K                           ^[m[K
[01m[K/usr/include/qt4/QtGui/qtransform.h:356:27:[m[K [01;36m[Knote: [m[K  no known conversion for argument 1 from '[01m[Kcv::Mat[m[K' to '[01m[KQDataStream&[m[K'
In file included from [01m[K/usr/include/qt4/QtGui/qpixmap.h:50:0[m[K,
                 from [01m[K/usr/include/qt4/QtGui/qgraphicsitem.h:51[m[K,
                 from [01m[K/usr/include/qt4/QtGui/qgraphicsanchorlayout.h:45[m[K,
                 from [01m[K/usr/include/qt4/QtGui/QtGui:4[m[K,
                 from [01m[K/home/swhite/autoCam_ws/src/autoCam_pkg/src/main_window.cpp:12[m[K:
[01m[K/usr/include/qt4/QtGui/qimage.h:363:27:[m[K [01;36m[Knote: [m[Kcandidate: QDataStream& operator>>(QDataStream&, QImage&)
 Q_GUI_EXPORT QDataStream &operator>>(QDataStream &, QImage &);
[01;32m[K                           ^[m[K
[01m[K/usr/include/qt4/QtGui/qimage.h:363:27:[m[K [01;36m[Knote: [m[K  no known conversion for argument 1 from '[01m[Kcv::Mat[m[K' to '[01m[KQDataStream&[m[K'
In file included from [01m[K/usr/include/qt4/QtGui/qgraphicsitem.h:51:0[m[K,
                 from [01m[K/usr/include/qt4/QtGui/qgraphicsanchorlayout.h:45[m[K,
                 from [01m[K/usr/include/qt4/QtGui/QtGui:4[m[K,
                 from [01m[K/home/swhite/autoCam_ws/src/autoCam_pkg/src/main_window.cpp:12[m[K:
[01m[K/usr/include/qt4/QtGui/qpixmap.h:324:27:[m[K [01;36m[Knote: [m[Kcandidate: QDataStream& operator>>(QDataStream&, QPixmap&)
 Q_GUI_EXPORT QDataStream &operator>>(QDataStream &, QPixmap &);
[01;32m[K                           ^[m[K
[01m[K/usr/include/qt4/QtGui/qpixmap.h:324:27:[m[K [01;36m[Knote: [m[K  no known conversion for argument 1 from '[01m[Kcv::Mat[m[K' to '[01m[KQDataStream&[m[K'
In file included from [01m[K/usr/include/qt4/QtGui/qgraphicslayoutitem.h:46:0[m[K,
                 from [01m[K/usr/include/qt4/QtGui/qgraphicslayout.h:45[m[K,
                 from [01m[K/usr/include/qt4/QtGui/qgraphicsanchorlayout.h:46[m[K,
                 from [01m[K/usr/include/qt4/QtGui/QtGui:4[m[K,
                 from [01m[K/home/swhite/autoCam_ws/src/autoCam_pkg/src/main_window.cpp:12[m[K:
[01m[K/usr/include/qt4/QtGui/qsizepolicy.h:226:27:[m[K [01;36m[Knote: [m[Kcandidate: QDataStream& operator>>(QDataStream&, QSizePolicy&)
 Q_GUI_EXPORT QDataStream &operator>>(QDataStream &, QSizePolicy &);
[01;32m[K                           ^[m[K
[01m[K/usr/include/qt4/QtGui/qsizepolicy.h:226:27:[m[K [01;36m[Knote: [m[K  no known conversion for argument 1 from '[01m[Kcv::Mat[m[K' to '[01m[KQDataStream&[m[K'
In file included from [01m[K/usr/include/qt4/QtGui/qevent.h:50:0[m[K,
                 from [01m[K/usr/include/qt4/QtGui/qgraphicslayoutitem.h:47[m[K,
                 from [01m[K/usr/include/qt4/QtGui/qgraphicslayout.h:45[m[K,
                 from [01m[K/usr/include/qt4/QtGui/qgraphicsanchorlayout.h:46[m[K,
                 from [01m[K/usr/include/qt4/QtGui/QtGui:4[m[K,
                 from [01m[K/home/swhite/autoCam_ws/src/autoCam_pkg/src/main_window.cpp:12[m[K:
[01m[K/usr/include/qt4/QtGui/qkeysequence.h:209:38:[m[K [01;36m[Knote: [m[Kcandidate: QDataStream& operator>>(QDataStream&, QKeySequence&)
     friend Q_GUI_EXPORT QDataStream &operator>>(QDataStream &in, QKeySequence &ks);
[01;32m[K                                      ^[m[K
[01m[K/usr/include/qt4/QtGui/qkeysequence.h:209:38:[m[K [01;36m[Knote: [m[K  no known conversion for argument 1 from '[01m[Kcv::Mat[m[K' to '[01m[KQDataStream&[m[K'
In file included from [01m[K/usr/include/qt4/QtGui/qgraphicswidget.h:45:0[m[K,
                 from [01m[K/usr/include/qt4/QtGui/qgraphicsproxywidget.h:45[m[K,
                 from [01m[K/usr/include/qt4/QtGui/QtGui:11[m[K,
                 from [01m[K/home/swhite/autoCam_ws/src/autoCam_pkg/src/main_window.cpp:12[m[K:
[01m[K/usr/include/qt4/QtGui/qfont.h:371:27:[m[K [01;36m[Knote: [m[Kcandidate: QDataStream& operator>>(QDataStream&, QFont&)
 Q_GUI_EXPORT QDataStream &operator>>(QDataStream &, QFont &);
[01;32m[K                           ^[m[K
[01m[K/usr/include/qt4/QtGui/qfont.h:371:27:[m[K [01;36m[Knote: [m[K  no known conversion for argument 1 from '[01m[Kcv::Mat[m[K' to '[01m[KQDataStream&[m[K'
In file included from [01m[K/usr/include/qt4/QtGui/qpalette.h:47:0[m[K,
                 from [01m[K/usr/include/qt4/QtGui/qgraphicswidget.h:48[m[K,
                 from [01m[K/usr/include/qt4/QtGui/qgraphicsproxywidget.h:45[m[K,
                 from [01m[K/usr/include/qt4/QtGui/QtGui:11[m[K,
                 from [01m[K/home/swhite/autoCam_ws/src/autoCam_pkg/src/main_window.cpp:12[m[K:
[01m[K/usr/include/qt4/QtGui/qbrush.h:167:27:[m[K [01;36m[Knote: [m[Kcandidate: QDataStream& operator>>(QDataStream&, QBrush&)
 Q_GUI_EXPORT QDataStream &operator>>(QDataStream &, QBrush &);
[01;32m[K                           ^[m[K
[01m[K/usr/include/qt4/QtGui/qbrush.h:167:27:[m[K [01;36m[Knote: [m[K  no known conversion for argument 1 from '[01m[Kcv::Mat[m[K' to '[01m[KQDataStream&[m[K'
In file included from [01m[K/usr/include/qt4/QtGui/qgraphicswidget.h:48:0[m[K,
                 from [01m[K/usr/include/qt4/QtGui/qgraphicsproxywidget.h:45[m[K,
                 from [01m[K/usr/include/qt4/QtGui/QtGui:11[m[K,
                 from [01m[K/home/swhite/autoCam_ws/src/autoCam_pkg/src/main_window.cpp:12[m[K:
[01m[K/usr/include/qt4/QtGui/qpalette.h:263:27:[m[K [01;36m[Knote: [m[Kcandidate: QDataStream& operator>>(QDataStream&, QPalette&)
 Q_GUI_EXPORT QDataStream &operator>>(QDataStream &ds, QPalette &p);
[01;32m[K                           ^[m[K
[01m[K/usr/include/qt4/QtGui/qpalette.h:263:27:[m[K [01;36m[Knote: [m[K  no known conversion for argument 1 from '[01m[Kcv::Mat[m[K' to '[01m[KQDataStream&[m[K'
In file included from [01m[K/usr/include/qt4/QtGui/qgraphicsscene.h:52:0[m[K,
                 from [01m[K/usr/include/qt4/QtGui/QtGui:12[m[K,
                 from [01m[K/home/swhite/autoCam_ws/src/autoCam_pkg/src/main_window.cpp:12[m[K:
[01m[K/usr/include/qt4/QtGui/qpen.h:124:38:[m[K [01;36m[Knote: [m[Kcandidate: QDataStream& operator>>(QDataStream&, QPen&)
     friend Q_GUI_EXPORT QDataStream &operator>>(QDataStream &, QPen &);
[01;32m[K                                      ^[m[K
[01m[K/usr/include/qt4/QtGui/qpen.h:124:38:[m[K [01;36m[Knote: [m[K  no known conversion for argument 1 from '[01m[Kcv::Mat[m[K' to '[01m[KQDataStream&[m[K'
In file included from [01m[K/usr/include/qt4/QtGui/QVector3D:1:0[m[K,
                 from [01m[K/usr/include/qt4/QtGui/qgraphicstransform.h:46[m[K,
                 from [01m[K/usr/include/qt4/QtGui/QtGui:14[m[K,
                 from [01m[K/home/swhite/autoCam_ws/src/autoCam_pkg/src/main_window.cpp:12[m[K:
[01m[K/usr/include/qt4/QtGui/qvector3d.h:277:27:[m[K [01;36m[Knote: [m[Kcandidate: QDataStream& operator>>(QDataStream&, QVector3D&)
 Q_GUI_EXPORT QDataStream &operator>>(QDataStream &, QVector3D &);
[01;32m[K                           ^[m[K
[01m[K/usr/include/qt4/QtGui/qvector3d.h:277:27:[m[K [01;36m[Knote: [m[K  no known conversion for argument 1 from '[01m[Kcv::Mat[m[K' to '[01m[KQDataStream&[m[K'
In file included from [01m[K/usr/include/qt4/QtGui/qmatrix4x4.h:46:0[m[K,
                 from [01m[K/usr/include/qt4/QtGui/QMatrix4x4:1[m[K,
                 from [01m[K/usr/include/qt4/QtGui/qgraphicstransform.h:48[m[K,
                 from [01m[K/usr/include/qt4/QtGui/QtGui:14[m[K,
                 from [01m[K/home/swhite/autoCam_ws/src/autoCam_pkg/src/main_window.cpp:12[m[K:
[01m[K/usr/include/qt4/QtGui/qvector4d.h:282:27:[m[K [01;36m[Knote: [m[Kcandidate: QDataStream& operator>>(QDataStream&, QVector4D&)
 Q_GUI_EXPORT QDataStream &operator>>(QDataStream &, QVector4D &);
[01;32m[K                           ^[m[K
[01m[K/usr/include/qt4/QtGui/qvector4d.h:282:27:[m[K [01;36m[Knote: [m[K  no known conversion for argument 1 from '[01m[Kcv::Mat[m[K' to '[01m[KQDataStream&[m[K'
In file included from [01m[K/usr/include/qt4/QtGui/qmatrix4x4.h:47:0[m[K,
                 from [01m[K/usr/include/qt4/QtGui/QMatrix4x4:1[m[K,
                 from [01m[K/usr/include/qt4/QtGui/qgraphicstransform.h:48[m[K,
                 from [01m[K/usr/include/qt4/QtGui/QtGui:14[m[K,
                 from [01m[K/home/swhite/autoCam_ws/src/autoCam_pkg/src/main_window.cpp:12[m[K:
[01m[K/usr/include/qt4/QtGui/qquaternion.h:321:27:[m[K [01;36m[Knote: [m[Kcandidate: QDataStream& operator>>(QDataStream&, QQuaternion&)
 Q_GUI_EXPORT QDataStream &operator>>(QDataStream &, QQuaternion &);
[01;32m[K                           ^[m[K
[01m[K/usr/include/qt4/QtGui/qquaternion.h:321:27:[m[K [01;36m[Knote: [m[K  no known conversion for argument 1 from '[01m[Kcv::Mat[m[K' to '[01m[KQDataStream&[m[K'
In file included from [01m[K/usr/include/qt4/QtGui/qmatrix4x4.h:48:0[m[K,
                 from [01m[K/usr/include/qt4/QtGui/QMatrix4x4:1[m[K,
                 from [01m[K/usr/include/qt4/QtGui/qgraphicstransform.h:48[m[K,
                 from [01m[K/usr/include/qt4/QtGui/QtGui:14[m[K,
                 from [01m[K/home/swhite/autoCam_ws/src/autoCam_pkg/src/main_window.cpp:12[m[K:
[01m[K/usr/include/qt4/QtGui/qgenericmatrix.h:380:14:[m[K [01;36m[Knote: [m[Kcandidate: template<int N, int M, class T> QDataStream& operator>>(QDataStream&, QGenericMatrix<N, M, T>&)
 QDataStream &operator>>(QDataStream &stream, QGenericMatrix<N, M, T> &matrix)
[01;32m[K              ^[m[K
[01m[K/usr/include/qt4/QtGui/qgenericmatrix.h:380:14:[m[K [01;36m[Knote: [m[K  template argument deduction/substitution failed:
[01m[K/home/swhite/autoCam_ws/src/autoCam_pkg/src/main_window.cpp:194:5:[m[K [01;36m[Knote: [m[K  cannot convert '[01m[K((autoCam_pkg::MainWindow*)this)->autoCam_pkg::MainWindow::frame[m[K' (type '[01m[Kcv::Mat[m[K') to type '[01m[KQDataStream&[m[K'
     frame >> my_global_cv_ptr->image;
[01;32m[K     ^[m[K
In file included from [01m[K/usr/include/qt4/QtGui/QMatrix4x4:1:0[m[K,
                 from [01m[K/usr/include/qt4/QtGui/qgraphicstransform.h:48[m[K,
                 from [01m[K/usr/include/qt4/QtGui/QtGui:14[m[K,
                 from [01m[K/home/swhite/autoCam_ws/src/autoCam_pkg/src/main_window.cpp:12[m[K:
[01m[K/usr/include/qt4/QtGui/qmatrix4x4.h:986:27:[m[K [01;36m[Knote: [m[Kcandidate: QDataStream& operator>>(QDataStream&, QMatrix4x4&)
 Q_GUI_EXPORT QDataStream &operator>>(QDataStream &, QMatrix4x4 &);
[01;32m[K                           ^[m[K
[01m[K/usr/include/qt4/QtGui/qmatrix4x4.h:986:27:[m[K [01;36m[Knote: [m[K  no known conversion for argument 1 from '[01m[Kcv::Mat[m[K' to '[01m[KQDataStream&[m[K'
In file included from [01m[K/usr/include/qt4/QtGui/qwidget.h:57:0[m[K,
                 from [01m[K/usr/include/qt4/QtGui/qframe.h:45[m[K,
                 from [01m[K/usr/include/qt4/QtGui/qabstractscrollarea.h:45[m[K,
                 from [01m[K/usr/include/qt4/QtGui/qscrollarea.h:45[m[K,
                 from [01m[K/usr/include/qt4/QtGui/qgraphicsview.h:47[m[K,
                 from [01m[K/usr/include/qt4/QtGui/QtGui:15[m[K,
                 from [01m[K/home/swhite/autoCam_ws/src/autoCam_pkg/src/main_window.cpp:12[m[K:
[01m[K/usr/include/qt4/QtGui/qcursor.h:172:27:[m[K [01;36m[Knote: [m[Kcandidate: QDataStream& operator>>(QDataStream&, QCursor&)
 Q_GUI_EXPORT QDataStream &operator>>(QDataStream &inS, QCursor &cursor);
[01;32m[K                           ^[m[K
[01m[K/usr/include/qt4/QtGui/qcursor.h:172:27:[m[K [01;36m[Knote: [m[K  no known conversion for argument 1 from '[01m[Kcv::Mat[m[K' to '[01m[KQDataStream&[m[K'
In file included from [01m[K/usr/include/qt4/QtGui/qaction.h:49:0[m[K,
                 from [01m[K/usr/include/qt4/QtGui/QtGui:17[m[K,
                 from [01m[K/home/swhite/autoCam_ws/src/autoCam_pkg/src/main_window.cpp:12[m[K:
[01m[K/usr/include/qt4/QtGui/qicon.h:151:27:[m[K [01;36m[Knote: [m[Kcandidate: QDataStream& operator>>(QDataStream&, QIcon&)
 Q_GUI_EXPORT QDataStream &operator>>(QDataStream &, QIcon &);
[01;32m[K                           ^[m[K
[01m[K/usr/include/qt4/QtGui/qicon.h:151:27:[m[K [01;36m[Knote: [m[K  no known conversion for argument 1 from '[01m[Kcv::Mat[m[K' to '[01m[KQDataStream&[m[K'
In file included from [01m[K/usr/include/qt4/QtGui/qtextcursor.h:47:0[m[K,
                 from [01m[K/usr/include/qt4/QtGui/qlineedit.h:46[m[K,
                 from [01m[K/usr/include/qt4/QtGui/qinputdialog.h:47[m[K,
                 from [01m[K/usr/include/qt4/QtGui/QtGui:72[m[K,
                 from [01m[K/home/swhite/autoCam_ws/src/autoCam_pkg/src/main_window.cpp:12[m[K:
[01m[K/usr/include/qt4/QtGui/qtextformat.h:118:38:[m[K [01;36m[Knote: [m[Kcandidate: QDataStream& operator>>(QDataStream&, QTextLength&)
     friend Q_GUI_EXPORT QDataStream &operator>>(QDataStream &, QTextLength &);
[01;32m[K                                      ^[m[K
[01m[K/usr/include/qt4/QtGui/qtextformat.h:118:38:[m[K [01;36m[Knote: [m[K  no known conversion for argument 1 from '[01m[Kcv::Mat[m[K' to '[01m[KQDataStream&[m[K'
[01m[K/usr/include/qt4/QtGui/qtextformat.h:364:38:[m[K [01;36m[Knote: [m[Kcandidate: QDataStream& operator>>(QDataStream&, QTextFormat&)
     friend Q_GUI_EXPORT QDataStream &operator>>(QDataStream &, QTextFormat &);
[01;32m[K                                      ^[m[K
[01m[K/usr/include/qt4/QtGui/qtextformat.h:364:38:[m[K [01;36m[Knote: [m[K  no known conversion for argument 1 from '[01m[Kcv::Mat[m[K' to '[01m[KQDataStream&[m[K'
In file included from [01m[K/usr/include/qt4/QtGui/QtGui:92:0[m[K,
                 from [01m[K/home/swhite/autoCam_ws/src/autoCam_pkg/src/main_window.cpp:12[m[K:
[01m[K/usr/include/qt4/QtGui/qlistwidget.h:197:27:[m[K [01;36m[Knote: [m[Kcandidate: QDataStream& operator>>(QDataStream&, QListWidgetItem&)
 Q_GUI_EXPORT QDataStream &operator>>(QDataStream &in, QListWidgetItem &item);
[01;32m[K                           ^[m[K
[01m[K/usr/include/qt4/QtGui/qlistwidget.h:197:27:[m[K [01;36m[Knote: [m[K  no known conversion for argument 1 from '[01m[Kcv::Mat[m[K' to '[01m[KQDataStream&[m[K'
In file included from [01m[K/usr/include/qt4/QtGui/QtGui:95:0[m[K,
                 from [01m[K/home/swhite/autoCam_ws/src/autoCam_pkg/src/main_window.cpp:12[m[K:
[01m[K/usr/include/qt4/QtGui/qstandarditemmodel.h:446:27:[m[K [01;36m[Knote: [m[Kcandidate: QDataStream& operator>>(QDataStream&, QStandardItem&)
 Q_GUI_EXPORT QDataStream &operator>>(QDataStream &in, QStandardItem &item);
[01;32m[K                           ^[m[K
[01m[K/usr/include/qt4/QtGui/qstandarditemmodel.h:446:27:[m[K [01;36m[Knote: [m[K  no known conversion for argument 1 from '[01m[Kcv::Mat[m[K' to '[01m[KQDataStream&[m[K'
In file included from [01m[K/usr/include/qt4/QtGui/QtGui:99:0[m[K,
                 from [01m[K/home/swhite/autoCam_ws/src/autoCam_pkg/src/main_window.cpp:12[m[K:
[01m[K/usr/include/qt4/QtGui/qtablewidget.h:214:27:[m[K [01;36m[Knote: [m[Kcandidate: QDataStream& operator>>(QDataStream&, QTableWidgetItem&)
 Q_GUI_EXPORT QDataStream &operator>>(QDataStream &in, QTableWidgetItem &item);
[01;32m[K                           ^[m[K
[01m[K/usr/include/qt4/QtGui/qtablewidget.h:214:27:[m[K [01;36m[Knote: [m[K  no known conversion for argument 1 from '[01m[Kcv::Mat[m[K' to '[01m[KQDataStream&[m[K'
In file included from [01m[K/usr/include/qt4/QtGui/QtGui:101:0[m[K,
                 from [01m[K/home/swhite/autoCam_ws/src/autoCam_pkg/src/main_window.cpp:12[m[K:
[01m[K/usr/include/qt4/QtGui/qtreewidget.h:255:27:[m[K [01;36m[Knote: [m[Kcandidate: QDataStream& operator>>(QDataStream&, QTreeWidgetItem&)
 Q_GUI_EXPORT QDataStream &operator>>(QDataStream &in, QTreeWidgetItem &item);
[01;32m[K                           ^[m[K
[01m[K/usr/include/qt4/QtGui/qtreewidget.h:255:27:[m[K [01;36m[Knote: [m[K  no known conversion for argument 1 from '[01m[Kcv::Mat[m[K' to '[01m[KQDataStream&[m[K'
In file included from [01m[K/usr/include/qt4/QtGui/QtGui:189:0[m[K,
                 from [01m[K/home/swhite/autoCam_ws/src/autoCam_pkg/src/main_window.cpp:12[m[K:
[01m[K/usr/include/qt4/QtGui/qsplitter.h:153:27:[m[K [01;36m[Knote: [m[Kcandidate: QTextStream& operator>>(QTextStream&, QSplitter&)
 Q_GUI_EXPORT QTextStream& operator>>(QTextStream&, QSplitter&);
[01;32m[K                           ^[m[K
[01m[K/usr/include/qt4/QtGui/qsplitter.h:153:27:[m[K [01;36m[Knote: [m[K  no known conversion for argument 1 from '[01m[Kcv::Mat[m[K' to '[01m[KQTextStream&[m[K'
In file included from [01m[K/usr/include/qt4/QtGui/QtGui:212:0[m[K,
                 from [01m[K/home/swhite/autoCam_ws/src/autoCam_pkg/src/main_window.cpp:12[m[K:
[01m[K/usr/include/qt4/QtGui/qpicture.h:195:27:[m[K [01;36m[Knote: [m[Kcandidate: QDataStream& operator>>(QDataStream&, QPicture&)
 Q_GUI_EXPORT QDataStream &operator>>(QDataStream &, QPicture &);
[01;32m[K                           ^[m[K
[01m[K/usr/include/qt4/QtGui/qpicture.h:195:27:[m[K [01;36m[Knote: [m[K  no known conversion for argument 1 from '[01m[Kcv::Mat[m[K' to '[01m[KQDataStream&[m[K'
In file included from [01m[K/usr/include/qt4/QtGui/QtGui:219:0[m[K,
                 from [01m[K/home/swhite/autoCam_ws/src/autoCam_pkg/src/main_window.cpp:12[m[K:
[01m[K/usr/include/qt4/QtGui/qvector2d.h:253:27:[m[K [01;36m[Knote: [m[Kcandidate: QDataStream& operator>>(QDataStream&, QVector2D&)
 Q_GUI_EXPORT QDataStream &operator>>(QDataStream &, QVector2D &);
[01;32m[K                           ^[m[K
[01m[K/usr/include/qt4/QtGui/qvector2d.h:253:27:[m[K [01;36m[Knote: [m[K  no known conversion for argument 1 from '[01m[Kcv::Mat[m[K' to '[01m[KQDataStream&[m[K'
In file included from [01m[K/opt/ros/kinetic/include/opencv-3.3.1-dev/opencv2/core.hpp:60:0[m[K,
                 from [01m[K/opt/ros/kinetic/include/opencv-3.3.1-dev/opencv2/core/core.hpp:48[m[K,
                 from [01m[K/opt/ros/kinetic/include/cv_bridge/cv_bridge.h:43[m[K,
                 from [01m[K/home/swhite/autoCam_ws/src/autoCam_pkg/src/../include/autoCam_pkg/common.h:13[m[K,
                 from [01m[K/home/swhite/autoCam_ws/src/autoCam_pkg/src/../include/autoCam_pkg/qnode.hpp:25[m[K,
                 from [01m[K/home/swhite/autoCam_ws/src/autoCam_pkg/src/../include/autoCam_pkg/main_window.hpp:18[m[K,
                 from [01m[K/home/swhite/autoCam_ws/src/autoCam_pkg/src/main_window.cpp:16[m[K:
[01m[K/opt/ros/kinetic/include/opencv-3.3.1-dev/opencv2/core/persistence.hpp:1277:6:[m[K [01;36m[Knote: [m[Kcandidate: void cv::operator>>(const cv::FileNode&, cv::DMatch&)
 void operator >> (const FileNode& n, DMatch& m)
[01;32m[K      ^[m[K
[01m[K/opt/ros/kinetic/include/opencv-3.3.1-dev/opencv2/core/persistence.hpp:1277:6:[m[K [01;36m[Knote: [m[K  no known conversion for argument 1 from '[01m[Kcv::Mat[m[K' to '[01m[Kconst cv::FileNode&[m[K'
[01m[K/opt/ros/kinetic/include/opencv-3.3.1-dev/opencv2/core/persistence.hpp:1267:6:[m[K [01;36m[Knote: [m[Kcandidate: void cv::operator>>(const cv::FileNode&, std::vector<cv::DMatch>&)
 void operator >> (const FileNode& n, std::vector<DMatch>& vec)
[01;32m[K      ^[m[K
[01m[K/opt/ros/kinetic/include/opencv-3.3.1-dev/opencv2/core/persistence.hpp:1267:6:[m[K [01;36m[Knote: [m[K  no known conversion for argument 1 from '[01m[Kcv::Mat[m[K' to '[01m[Kconst cv::FileNode&[m[K'
[01m[K/opt/ros/kinetic/include/opencv-3.3.1-dev/opencv2/core/persistence.hpp:1262:6:[m[K [01;36m[Knote: [m[Kcandidate: void cv::operator>>(const cv::FileNode&, std::vector<cv::KeyPoint>&)
 void operator >> (const FileNode& n, std::vector<KeyPoint>& vec)
[01;32m[K      ^[m[K
[01m[K/opt/ros/kinetic/include/opencv-3.3.1-dev/opencv2/core/persistence.hpp:1262:6:[m[K [01;36m[Knote: [m[K  no known conversion for argument 1 from '[01m[Kcv::Mat[m[K' to '[01m[Kconst cv::FileNode&[m[K'
[01m[K/opt/ros/kinetic/include/opencv-3.3.1-dev/opencv2/core/persistence.hpp:1254:6:[m[K [01;36m[Knote: [m[Kcandidate: void cv::operator>>(const cv::FileNode&, cv::KeyPoint&)
 void operator >> (const FileNode& n, KeyPoint& kpt)
[01;32m[K      ^[m[K
[01m[K/opt/ros/kinetic/include/opencv-3.3.1-dev/opencv2/core/persistence.hpp:1254:6:[m[K [01;36m[Knote: [m[K  no known conversion for argument 1 from '[01m[Kcv::Mat[m[K' to '[01m[Kconst cv::FileNode&[m[K'
[01m[K/opt/ros/kinetic/include/opencv-3.3.1-dev/opencv2/core/persistence.hpp:1244:6:[m[K [01;36m[Knote: [m[Kcandidate: template<class _Tp> void cv::operator>>(const cv::FileNode&, std::vector<T>&)
 void operator >> (const FileNode& n, std::vector<_Tp>& vec)
[01;32m[K      ^[m[K
[01m[K/opt/ros/kinetic/include/opencv-3.3.1-dev/opencv2/core/persistence.hpp:1244:6:[m[K [01;36m[Knote: [m[K  template argument deduction/substitution failed:
[01m[K/home/swhite/autoCam_ws/src/autoCam_pkg/src/main_window.cpp:194:5:[m[K [01;36m[Knote: [m[K  cannot convert '[01m[K((autoCam_pkg::MainWindow*)this)->autoCam_pkg::MainWindow::frame[m[K' (type '[01m[Kcv::Mat[m[K') to type '[01m[Kconst cv::FileNode&[m[K'
     frame >> my_global_cv_ptr->image;
[01;32m[K     ^[m[K
In file included from [01m[K/opt/ros/kinetic/include/opencv-3.3.1-dev/opencv2/core.hpp:60:0[m[K,
                 from [01m[K/opt/ros/kinetic/include/opencv-3.3.1-dev/opencv2/core/core.hpp:48[m[K,
                 from [01m[K/opt/ros/kinetic/include/cv_bridge/cv_bridge.h:43[m[K,
                 from [01m[K/home/swhite/autoCam_ws/src/autoCam_pkg/src/../include/autoCam_pkg/common.h:13[m[K,
                 from [01m[K/home/swhite/autoCam_ws/src/autoCam_pkg/src/../include/autoCam_pkg/qnode.hpp:25[m[K,
                 from [01m[K/home/swhite/autoCam_ws/src/autoCam_pkg/src/../include/autoCam_pkg/main_window.hpp:18[m[K,
                 from [01m[K/home/swhite/autoCam_ws/src/autoCam_pkg/src/main_window.cpp:16[m[K:
[01m[K/opt/ros/kinetic/include/opencv-3.3.1-dev/opencv2/core/persistence.hpp:1236:6:[m[K [01;36m[Knote: [m[Kcandidate: template<class _Tp> void cv::operator>>(const cv::FileNode&, _Tp&)
 void operator >> (const FileNode& n, _Tp& value)
[01;32m[K      ^[m[K
[01m[K/opt/ros/kinetic/include/opencv-3.3.1-dev/opencv2/core/persistence.hpp:1236:6:[m[K [01;36m[Knote: [m[K  template argument deduction/substitution failed:
[01m[K/home/swhite/autoCam_ws/src/autoCam_pkg/src/main_window.cpp:194:5:[m[K [01;36m[Knote: [m[K  cannot convert '[01m[K((autoCam_pkg::MainWindow*)this)->autoCam_pkg::MainWindow::frame[m[K' (type '[01m[Kcv::Mat[m[K') to type '[01m[Kconst cv::FileNode&[m[K'
     frame >> my_global_cv_ptr->image;
[01;32m[K     ^[m[K
In file included from [01m[K/opt/ros/kinetic/include/opencv-3.3.1-dev/opencv2/core.hpp:60:0[m[K,
                 from [01m[K/opt/ros/kinetic/include/opencv-3.3.1-dev/opencv2/core/core.hpp:48[m[K,
                 from [01m[K/opt/ros/kinetic/include/cv_bridge/cv_bridge.h:43[m[K,
                 from [01m[K/home/swhite/autoCam_ws/src/autoCam_pkg/src/../include/autoCam_pkg/common.h:13[m[K,
                 from [01m[K/home/swhite/autoCam_ws/src/autoCam_pkg/src/../include/autoCam_pkg/qnode.hpp:25[m[K,
                 from [01m[K/home/swhite/autoCam_ws/src/autoCam_pkg/src/../include/autoCam_pkg/main_window.hpp:18[m[K,
                 from [01m[K/home/swhite/autoCam_ws/src/autoCam_pkg/src/main_window.cpp:16[m[K:
[01m[K/opt/ros/kinetic/include/opencv-3.3.1-dev/opencv2/core/persistence.hpp:1221:19:[m[K [01;36m[Knote: [m[Kcandidate: template<class _Tp> cv::FileNodeIterator& cv::operator>>(cv::FileNodeIterator&, std::vector<T>&)
 FileNodeIterator& operator >> (FileNodeIterator& it, std::vector<_Tp>& vec)
[01;32m[K                   ^[m[K
[01m[K/opt/ros/kinetic/include/opencv-3.3.1-dev/opencv2/core/persistence.hpp:1221:19:[m[K [01;36m[Knote: [m[K  template argument deduction/substitution failed:
[01m[K/home/swhite/autoCam_ws/src/autoCam_pkg/src/main_window.cpp:194:5:[m[K [01;36m[Knote: [m[K  cannot convert '[01m[K((autoCam_pkg::MainWindow*)this)->autoCam_pkg::MainWindow::frame[m[K' (type '[01m[Kcv::Mat[m[K') to type '[01m[Kcv::FileNodeIterator&[m[K'
     frame >> my_global_cv_ptr->image;
[01;32m[K     ^[m[K
In file included from [01m[K/opt/ros/kinetic/include/opencv-3.3.1-dev/opencv2/core.hpp:60:0[m[K,
                 from [01m[K/opt/ros/kinetic/include/opencv-3.3.1-dev/opencv2/core/core.hpp:48[m[K,
                 from [01m[K/opt/ros/kinetic/include/cv_bridge/cv_bridge.h:43[m[K,
                 from [01m[K/home/swhite/autoCam_ws/src/autoCam_pkg/src/../include/autoCam_pkg/common.h:13[m[K,
                 from [01m[K/home/swhite/autoCam_ws/src/autoCam_pkg/src/../include/autoCam_pkg/qnode.hpp:25[m[K,
                 from [01m[K/home/swhite/autoCam_ws/src/autoCam_pkg/src/../include/autoCam_pkg/main_window.hpp:18[m[K,
                 from [01m[K/home/swhite/autoCam_ws/src/autoCam_pkg/src/main_window.cpp:16[m[K:
[01m[K/opt/ros/kinetic/include/opencv-3.3.1-dev/opencv2/core/persistence.hpp:1212:19:[m[K [01;36m[Knote: [m[Kcandidate: template<class _Tp> cv::FileNodeIterator& cv::operator>>(cv::FileNodeIterator&, _Tp&)
 FileNodeIterator& operator >> (FileNodeIterator& it, _Tp& value)
[01;32m[K                   ^[m[K
[01m[K/opt/ros/kinetic/include/opencv-3.3.1-dev/opencv2/core/persistence.hpp:1212:19:[m[K [01;36m[Knote: [m[K  template argument deduction/substitution failed:
[01m[K/home/swhite/autoCam_ws/src/autoCam_pkg/src/main_window.cpp:194:5:[m[K [01;36m[Knote: [m[K  cannot convert '[01m[K((autoCam_pkg::MainWindow*)this)->autoCam_pkg::MainWindow::frame[m[K' (type '[01m[Kcv::Mat[m[K') to type '[01m[Kcv::FileNodeIterator&[m[K'
     frame >> my_global_cv_ptr->image;
[01;32m[K     ^[m[K
CMakeFiles/autoCam_pkg.dir/build.make:167: recipe for target 'CMakeFiles/autoCam_pkg.dir/src/main_window.cpp.o' failed
make[2]: *** [CMakeFiles/autoCam_pkg.dir/src/main_window.cpp.o] Error 1
make[2]: *** Waiting for unfinished jobs....
CMakeFiles/Makefile2:67: recipe for target 'CMakeFiles/autoCam_pkg.dir/all' failed
make[1]: *** [CMakeFiles/autoCam_pkg.dir/all] Error 2
make: *** [all] Error 2
Makefile:138: recipe for target 'all' failed
